This file contains any messages produced by compilers while
running configure, to aid debugging if configure makes a mistake.

It was created by cgrasp-package configure 1.0, which was
generated by GNU Autoconf 2.69.  Invocation command line was

  $ ./configure 

## --------- ##
## Platform. ##
## --------- ##

hostname = raul
uname -m = i686
uname -r = 3.13.0-77-generic
uname -s = Linux
uname -v = #121-Ubuntu SMP Wed Jan 20 10:50:59 UTC 2016

/usr/bin/uname -p = unknown
/bin/uname -X     = unknown

/bin/arch              = unknown
/usr/bin/arch -k       = unknown
/usr/convex/getsysinfo = unknown
/usr/bin/hostinfo      = unknown
/bin/machine           = unknown
/usr/bin/oslevel       = unknown
/bin/universe          = unknown

PATH: /home/raul/ampl
PATH: /usr/lib/postgresql/9.4/bin/
PATH: /usr/local/heroku/bin
PATH: /usr/local/sbin
PATH: /usr/local/bin
PATH: /usr/sbin
PATH: /usr/bin
PATH: /sbin
PATH: /bin
PATH: /usr/games
PATH: /usr/local/games
PATH: /opt/leJOS_NXJ_0.9.1beta-3/bin
PATH: /opt/lejos_nxj/bin
PATH: /home/raul/bowtie-1.0.0


## ----------- ##
## Core tests. ##
## ----------- ##

configure:2307: checking for a BSD-compatible install
configure:2375: result: /usr/bin/install -c
configure:2386: checking whether build environment is sane
configure:2441: result: yes
configure:2592: checking for a thread-safe mkdir -p
configure:2631: result: /bin/mkdir -p
configure:2638: checking for gawk
configure:2654: found /usr/bin/gawk
configure:2665: result: gawk
configure:2676: checking whether make sets $(MAKE)
configure:2698: result: yes
configure:2727: checking whether make supports nested variables
configure:2744: result: yes
configure:2940: checking for g++
configure:2956: found /usr/bin/g++
configure:2967: result: g++
configure:2994: checking for C++ compiler version
configure:3003: g++ --version >&5
g++ (Ubuntu 4.9.3-8ubuntu2~14.04) 4.9.3
Copyright (C) 2015 Free Software Foundation, Inc.
This is free software; see the source for copying conditions.  There is NO
warranty; not even for MERCHANTABILITY or FITNESS FOR A PARTICULAR PURPOSE.

configure:3014: $? = 0
configure:3003: g++ -v >&5
Using built-in specs.
COLLECT_GCC=g++
COLLECT_LTO_WRAPPER=/usr/lib/gcc/i686-linux-gnu/4.9/lto-wrapper
Target: i686-linux-gnu
Configured with: ../src/configure -v --with-pkgversion='Ubuntu 4.9.3-8ubuntu2~14.04' --with-bugurl=file:///usr/share/doc/gcc-4.9/README.Bugs --enable-languages=c,c++,java,go,d,fortran,objc,obj-c++ --prefix=/usr --program-suffix=-4.9 --enable-shared --enable-linker-build-id --libexecdir=/usr/lib --without-included-gettext --enable-threads=posix --with-gxx-include-dir=/usr/include/c++/4.9 --libdir=/usr/lib --enable-nls --with-sysroot=/ --enable-clocale=gnu --enable-libstdcxx-debug --enable-libstdcxx-time=yes --enable-gnu-unique-object --disable-vtable-verify --enable-plugin --with-system-zlib --disable-browser-plugin --enable-java-awt=gtk --enable-gtk-cairo --with-java-home=/usr/lib/jvm/java-1.5.0-gcj-4.9-i386/jre --enable-java-home --with-jvm-root-dir=/usr/lib/jvm/java-1.5.0-gcj-4.9-i386 --with-jvm-jar-dir=/usr/lib/jvm-exports/java-1.5.0-gcj-4.9-i386 --with-arch-directory=i386 --with-ecj-jar=/usr/share/java/eclipse-ecj.jar --enable-objc-gc --enable-targets=all --enable-multiarch --disable-werror --with-arch-32=i686 --with-multilib-list=m32,m64,mx32 --enable-multilib --with-tune=generic --enable-checking=release --build=i686-linux-gnu --host=i686-linux-gnu --target=i686-linux-gnu
Thread model: posix
gcc version 4.9.3 (Ubuntu 4.9.3-8ubuntu2~14.04) 
configure:3014: $? = 0
configure:3003: g++ -V >&5
g++: error: unrecognized command line option '-V'
g++: fatal error: no input files
compilation terminated.
configure:3014: $? = 4
configure:3003: g++ -qversion >&5
g++: error: unrecognized command line option '-qversion'
g++: fatal error: no input files
compilation terminated.
configure:3014: $? = 4
configure:3034: checking whether the C++ compiler works
configure:3056: g++    conftest.cpp  >&5
configure:3060: $? = 0
configure:3108: result: yes
configure:3111: checking for C++ compiler default output file name
configure:3113: result: a.out
configure:3119: checking for suffix of executables
configure:3126: g++ -o conftest    conftest.cpp  >&5
configure:3130: $? = 0
configure:3152: result: 
configure:3174: checking whether we are cross compiling
configure:3182: g++ -o conftest    conftest.cpp  >&5
configure:3186: $? = 0
configure:3193: ./conftest
configure:3197: $? = 0
configure:3212: result: no
configure:3217: checking for suffix of object files
configure:3239: g++ -c   conftest.cpp >&5
configure:3243: $? = 0
configure:3264: result: o
configure:3268: checking whether we are using the GNU C++ compiler
configure:3287: g++ -c   conftest.cpp >&5
configure:3287: $? = 0
configure:3296: result: yes
configure:3305: checking whether g++ accepts -g
configure:3325: g++ -c -g  conftest.cpp >&5
configure:3325: $? = 0
configure:3366: result: yes
configure:3400: checking for style of include used by make
configure:3428: result: GNU
configure:3454: checking dependency style of g++
configure:3565: result: gcc3
configure:3582: WARNING: Libtool does not cope well with whitespace in `pwd`
configure:3609: checking build system type
configure:3623: result: i686-pc-linux-gnu
configure:3643: checking host system type
configure:3656: result: i686-pc-linux-gnu
configure:3697: checking how to print strings
configure:3724: result: printf
configure:3793: checking for gcc
configure:3809: found /usr/bin/gcc
configure:3820: result: gcc
configure:4049: checking for C compiler version
configure:4058: gcc --version >&5
gcc (Ubuntu 4.9.3-8ubuntu2~14.04) 4.9.3
Copyright (C) 2015 Free Software Foundation, Inc.
This is free software; see the source for copying conditions.  There is NO
warranty; not even for MERCHANTABILITY or FITNESS FOR A PARTICULAR PURPOSE.

configure:4069: $? = 0
configure:4058: gcc -v >&5
Using built-in specs.
COLLECT_GCC=gcc
COLLECT_LTO_WRAPPER=/usr/lib/gcc/i686-linux-gnu/4.9/lto-wrapper
Target: i686-linux-gnu
Configured with: ../src/configure -v --with-pkgversion='Ubuntu 4.9.3-8ubuntu2~14.04' --with-bugurl=file:///usr/share/doc/gcc-4.9/README.Bugs --enable-languages=c,c++,java,go,d,fortran,objc,obj-c++ --prefix=/usr --program-suffix=-4.9 --enable-shared --enable-linker-build-id --libexecdir=/usr/lib --without-included-gettext --enable-threads=posix --with-gxx-include-dir=/usr/include/c++/4.9 --libdir=/usr/lib --enable-nls --with-sysroot=/ --enable-clocale=gnu --enable-libstdcxx-debug --enable-libstdcxx-time=yes --enable-gnu-unique-object --disable-vtable-verify --enable-plugin --with-system-zlib --disable-browser-plugin --enable-java-awt=gtk --enable-gtk-cairo --with-java-home=/usr/lib/jvm/java-1.5.0-gcj-4.9-i386/jre --enable-java-home --with-jvm-root-dir=/usr/lib/jvm/java-1.5.0-gcj-4.9-i386 --with-jvm-jar-dir=/usr/lib/jvm-exports/java-1.5.0-gcj-4.9-i386 --with-arch-directory=i386 --with-ecj-jar=/usr/share/java/eclipse-ecj.jar --enable-objc-gc --enable-targets=all --enable-multiarch --disable-werror --with-arch-32=i686 --with-multilib-list=m32,m64,mx32 --enable-multilib --with-tune=generic --enable-checking=release --build=i686-linux-gnu --host=i686-linux-gnu --target=i686-linux-gnu
Thread model: posix
gcc version 4.9.3 (Ubuntu 4.9.3-8ubuntu2~14.04) 
configure:4069: $? = 0
configure:4058: gcc -V >&5
gcc: error: unrecognized command line option '-V'
gcc: fatal error: no input files
compilation terminated.
configure:4069: $? = 4
configure:4058: gcc -qversion >&5
gcc: error: unrecognized command line option '-qversion'
gcc: fatal error: no input files
compilation terminated.
configure:4069: $? = 4
configure:4073: checking whether we are using the GNU C compiler
configure:4092: gcc -c   conftest.c >&5
configure:4092: $? = 0
configure:4101: result: yes
configure:4110: checking whether gcc accepts -g
configure:4130: gcc -c -g  conftest.c >&5
configure:4130: $? = 0
configure:4171: result: yes
configure:4188: checking for gcc option to accept ISO C89
configure:4251: gcc  -c -g -O2  conftest.c >&5
configure:4251: $? = 0
configure:4264: result: none needed
configure:4289: checking whether gcc understands -c and -o together
configure:4311: gcc -c conftest.c -o conftest2.o
configure:4314: $? = 0
configure:4311: gcc -c conftest.c -o conftest2.o
configure:4314: $? = 0
configure:4326: result: yes
configure:4345: checking dependency style of gcc
configure:4456: result: gcc3
configure:4471: checking for a sed that does not truncate output
configure:4535: result: /bin/sed
configure:4553: checking for grep that handles long lines and -e
configure:4611: result: /bin/grep
configure:4616: checking for egrep
configure:4678: result: /bin/grep -E
configure:4683: checking for fgrep
configure:4745: result: /bin/grep -F
configure:4780: checking for ld used by gcc
configure:4847: result: /usr/bin/ld
configure:4854: checking if the linker (/usr/bin/ld) is GNU ld
configure:4869: result: yes
configure:4881: checking for BSD- or MS-compatible name lister (nm)
configure:4930: result: /usr/bin/nm -B
configure:5060: checking the name lister (/usr/bin/nm -B) interface
configure:5067: gcc -c -g -O2  conftest.c >&5

## ---------------- ##
## Cache variables. ##
## ---------------- ##

ac_cv_build=i686-pc-linux-gnu
ac_cv_c_compiler_gnu=yes
ac_cv_cxx_compiler_gnu=yes
ac_cv_env_CCC_set=
ac_cv_env_CCC_value=
ac_cv_env_CC_set=
ac_cv_env_CC_value=
ac_cv_env_CFLAGS_set=
ac_cv_env_CFLAGS_value=
ac_cv_env_CPPFLAGS_set=
ac_cv_env_CPPFLAGS_value=
ac_cv_env_CPP_set=
ac_cv_env_CPP_value=
ac_cv_env_CXXCPP_set=
ac_cv_env_CXXCPP_value=
ac_cv_env_CXXFLAGS_set=
ac_cv_env_CXXFLAGS_value=
ac_cv_env_CXX_set=
ac_cv_env_CXX_value=
ac_cv_env_LDFLAGS_set=
ac_cv_env_LDFLAGS_value=
ac_cv_env_LIBS_set=
ac_cv_env_LIBS_value=
ac_cv_env_build_alias_set=
ac_cv_env_build_alias_value=
ac_cv_env_host_alias_set=
ac_cv_env_host_alias_value=
ac_cv_env_target_alias_set=
ac_cv_env_target_alias_value=
ac_cv_host=i686-pc-linux-gnu
ac_cv_objext=o
ac_cv_path_EGREP='/bin/grep -E'
ac_cv_path_FGREP='/bin/grep -F'
ac_cv_path_GREP=/bin/grep
ac_cv_path_SED=/bin/sed
ac_cv_path_install='/usr/bin/install -c'
ac_cv_path_mkdir=/bin/mkdir
ac_cv_prog_AWK=gawk
ac_cv_prog_ac_ct_CC=gcc
ac_cv_prog_ac_ct_CXX=g++
ac_cv_prog_cc_c89=
ac_cv_prog_cc_g=yes
ac_cv_prog_cxx_g=yes
ac_cv_prog_make_make_set=yes
am_cv_CC_dependencies_compiler_type=gcc3
am_cv_CXX_dependencies_compiler_type=gcc3
am_cv_make_support_nested_variables=yes
am_cv_prog_cc_c_o=yes
lt_cv_nm_interface='BSD nm'
lt_cv_path_LD=/usr/bin/ld
lt_cv_path_NM='/usr/bin/nm -B'
lt_cv_prog_gnu_ld=yes

## ----------------- ##
## Output variables. ##
## ----------------- ##

ACLOCAL='${SHELL} "/home/raul/Área de Trabalho/Pedro_Raul/cgrasp/build-aux/missing" aclocal-1.14'
AMDEPBACKSLASH='\'
AMDEP_FALSE='#'
AMDEP_TRUE=''
AMTAR='$${TAR-tar}'
AM_BACKSLASH='\'
AM_DEFAULT_V='$(AM_DEFAULT_VERBOSITY)'
AM_DEFAULT_VERBOSITY='1'
AM_V='$(V)'
AR=''
AUTOCONF='${SHELL} "/home/raul/Área de Trabalho/Pedro_Raul/cgrasp/build-aux/missing" autoconf'
AUTOHEADER='${SHELL} "/home/raul/Área de Trabalho/Pedro_Raul/cgrasp/build-aux/missing" autoheader'
AUTOMAKE='${SHELL} "/home/raul/Área de Trabalho/Pedro_Raul/cgrasp/build-aux/missing" automake-1.14'
AWK='gawk'
CC='gcc'
CCDEPMODE='depmode=gcc3'
CFLAGS='-g -O2'
CPP=''
CPPFLAGS=''
CXX='g++'
CXXCPP=''
CXXDEPMODE='depmode=gcc3'
CXXFLAGS='-g -O2'
CYGPATH_W='echo'
DEFS=''
DEPDIR='.deps'
DLLTOOL=''
DSYMUTIL=''
DUMPBIN=''
ECHO_C=''
ECHO_N='-n'
ECHO_T=''
EGREP='/bin/grep -E'
EXEEXT=''
FGREP='/bin/grep -F'
GREP='/bin/grep'
INSTALL_DATA='${INSTALL} -m 644'
INSTALL_PROGRAM='${INSTALL}'
INSTALL_SCRIPT='${INSTALL}'
INSTALL_STRIP_PROGRAM='$(install_sh) -c -s'
LD='/usr/bin/ld'
LDFLAGS=''
LIBOBJS=''
LIBS=''
LIBTOOL=''
LIPO=''
LN_S=''
LTLIBOBJS=''
MAKEINFO='${SHELL} "/home/raul/Área de Trabalho/Pedro_Raul/cgrasp/build-aux/missing" makeinfo'
MANIFEST_TOOL=''
MKDIR_P='/bin/mkdir -p'
NM='/usr/bin/nm -B'
NMEDIT=''
OBJDUMP=''
OBJEXT='o'
OTOOL64=''
OTOOL=''
PACKAGE='cgrasp-package'
PACKAGE_BUGREPORT='phds@cin.ufpe.br rmf4@cin.ufpe.br'
PACKAGE_NAME='cgrasp-package'
PACKAGE_STRING='cgrasp-package 1.0'
PACKAGE_TARNAME='cgrasp-package'
PACKAGE_URL=''
PACKAGE_VERSION='1.0'
PATH_SEPARATOR=':'
RANLIB=''
SED='/bin/sed'
SET_MAKE=''
SHELL='/bin/bash'
STRIP=''
VERSION='1.0'
ac_ct_AR=''
ac_ct_CC='gcc'
ac_ct_CXX='g++'
ac_ct_DUMPBIN=''
am__EXEEXT_FALSE=''
am__EXEEXT_TRUE=''
am__fastdepCC_FALSE='#'
am__fastdepCC_TRUE=''
am__fastdepCXX_FALSE='#'
am__fastdepCXX_TRUE=''
am__include='include'
am__isrc=''
am__leading_dot='.'
am__nodep='_no'
am__quote=''
am__tar='$${TAR-tar} chof - "$$tardir"'
am__untar='$${TAR-tar} xf -'
bindir='${exec_prefix}/bin'
build='i686-pc-linux-gnu'
build_alias=''
build_cpu='i686'
build_os='linux-gnu'
build_vendor='pc'
datadir='${datarootdir}'
datarootdir='${prefix}/share'
docdir='${datarootdir}/doc/${PACKAGE_TARNAME}'
dvidir='${docdir}'
exec_prefix='NONE'
host='i686-pc-linux-gnu'
host_alias=''
host_cpu='i686'
host_os='linux-gnu'
host_vendor='pc'
htmldir='${docdir}'
includedir='${prefix}/include'
infodir='${datarootdir}/info'
install_sh='${SHELL} '\''/home/raul/Área de Trabalho/Pedro_Raul/cgrasp/build-aux/install-sh'\'''
libdir='${exec_prefix}/lib'
libexecdir='${exec_prefix}/libexec'
localedir='${datarootdir}/locale'
localstatedir='${prefix}/var'
mandir='${datarootdir}/man'
mkdir_p='$(MKDIR_P)'
oldincludedir='/usr/include'
pdfdir='${docdir}'
prefix='NONE'
program_transform_name='s,x,x,'
psdir='${docdir}'
sbindir='${exec_prefix}/sbin'
sharedstatedir='${prefix}/com'
sysconfdir='${prefix}/etc'
target_alias=''

## ----------- ##
## confdefs.h. ##
## ----------- ##

/* confdefs.h */
#define PACKAGE_NAME "cgrasp-package"
#define PACKAGE_TARNAME "cgrasp-package"
#define PACKAGE_VERSION "1.0"
#define PACKAGE_STRING "cgrasp-package 1.0"
#define PACKAGE_BUGREPORT "phds@cin.ufpe.br rmf4@cin.ufpe.br"
#define PACKAGE_URL ""
#define PACKAGE "cgrasp-package"
#define VERSION "1.0"

configure: caught signal 2
configure: exit 1
